{"/Users/bavana/northcoders/fundamentals/fun-pokemon-battler/index.js": {"path":"/Users/bavana/northcoders/fundamentals/fun-pokemon-battler/index.js","statementMap":{"0":{"start":{"line":3,"column":4},"end":{"line":3,"column":21}},"1":{"start":{"line":4,"column":4},"end":{"line":4,"column":31}},"2":{"start":{"line":5,"column":4},"end":{"line":5,"column":37}},"3":{"start":{"line":6,"column":4},"end":{"line":6,"column":23}},"4":{"start":{"line":7,"column":4},"end":{"line":7,"column":21}},"5":{"start":{"line":8,"column":4},"end":{"line":8,"column":25}},"6":{"start":{"line":12,"column":4},"end":{"line":12,"column":22}},"7":{"start":{"line":16,"column":4},"end":{"line":16,"column":21}},"8":{"start":{"line":22,"column":4},"end":{"line":22,"column":54}},"9":{"start":{"line":23,"column":4},"end":{"line":23,"column":23}},"10":{"start":{"line":24,"column":4},"end":{"line":24,"column":28}},"11":{"start":{"line":25,"column":4},"end":{"line":25,"column":28}},"12":{"start":{"line":30,"column":4},"end":{"line":30,"column":54}},"13":{"start":{"line":31,"column":4},"end":{"line":31,"column":24}},"14":{"start":{"line":32,"column":4},"end":{"line":32,"column":28}},"15":{"start":{"line":33,"column":4},"end":{"line":33,"column":27}},"16":{"start":{"line":38,"column":4},"end":{"line":38,"column":54}},"17":{"start":{"line":39,"column":4},"end":{"line":39,"column":24}},"18":{"start":{"line":40,"column":4},"end":{"line":40,"column":27}},"19":{"start":{"line":41,"column":4},"end":{"line":41,"column":28}},"20":{"start":{"line":47,"column":4},"end":{"line":47,"column":21}},"21":{"start":{"line":48,"column":4},"end":{"line":48,"column":27}},"22":{"start":{"line":53,"column":4},"end":{"line":66,"column":5}},"23":{"start":{"line":55,"column":8},"end":{"line":55,"column":78}},"24":{"start":{"line":56,"column":8},"end":{"line":56,"column":14}},"25":{"start":{"line":58,"column":8},"end":{"line":58,"column":79}},"26":{"start":{"line":59,"column":8},"end":{"line":59,"column":14}},"27":{"start":{"line":61,"column":8},"end":{"line":61,"column":79}},"28":{"start":{"line":62,"column":8},"end":{"line":62,"column":14}},"29":{"start":{"line":64,"column":8},"end":{"line":64,"column":74}},"30":{"start":{"line":65,"column":8},"end":{"line":65,"column":14}},"31":{"start":{"line":67,"column":4},"end":{"line":67,"column":36}},"32":{"start":{"line":68,"column":4},"end":{"line":68,"column":29}},"33":{"start":{"line":74,"column":4},"end":{"line":74,"column":28}},"34":{"start":{"line":75,"column":4},"end":{"line":75,"column":28}},"35":{"start":{"line":76,"column":4},"end":{"line":76,"column":39}},"36":{"start":{"line":77,"column":4},"end":{"line":77,"column":39}},"37":{"start":{"line":83,"column":4},"end":{"line":93,"column":5}},"38":{"start":{"line":84,"column":6},"end":{"line":84,"column":34}},"39":{"start":{"line":85,"column":6},"end":{"line":85,"column":35}},"40":{"start":{"line":86,"column":6},"end":{"line":86,"column":34}},"41":{"start":{"line":87,"column":6},"end":{"line":87,"column":36}},"42":{"start":{"line":89,"column":6},"end":{"line":89,"column":34}},"43":{"start":{"line":90,"column":6},"end":{"line":90,"column":35}},"44":{"start":{"line":91,"column":6},"end":{"line":91,"column":34}},"45":{"start":{"line":92,"column":6},"end":{"line":92,"column":36}},"46":{"start":{"line":94,"column":24},"end":{"line":94,"column":86}},"47":{"start":{"line":96,"column":4},"end":{"line":104,"column":5}},"48":{"start":{"line":97,"column":6},"end":{"line":97,"column":77}},"49":{"start":{"line":98,"column":6},"end":{"line":98,"column":61}},"50":{"start":{"line":99,"column":11},"end":{"line":104,"column":5}},"51":{"start":{"line":100,"column":6},"end":{"line":100,"column":77}},"52":{"start":{"line":101,"column":6},"end":{"line":101,"column":61}},"53":{"start":{"line":103,"column":6},"end":{"line":103,"column":70}},"54":{"start":{"line":106,"column":4},"end":{"line":106,"column":87}},"55":{"start":{"line":108,"column":4},"end":{"line":112,"column":5}},"56":{"start":{"line":109,"column":6},"end":{"line":109,"column":79}},"57":{"start":{"line":111,"column":6},"end":{"line":111,"column":76}},"58":{"start":{"line":114,"column":4},"end":{"line":114,"column":25}},"59":{"start":{"line":118,"column":0},"end":{"line":125,"column":2}}},"fnMap":{"0":{"name":"(anonymous_0)","decl":{"start":{"line":2,"column":2},"end":{"line":2,"column":3}},"loc":{"start":{"line":2,"column":58},"end":{"line":9,"column":3}},"line":2},"1":{"name":"(anonymous_1)","decl":{"start":{"line":11,"column":2},"end":{"line":11,"column":3}},"loc":{"start":{"line":11,"column":9},"end":{"line":13,"column":3}},"line":11},"2":{"name":"(anonymous_2)","decl":{"start":{"line":15,"column":2},"end":{"line":15,"column":3}},"loc":{"start":{"line":15,"column":16},"end":{"line":17,"column":3}},"line":15},"3":{"name":"(anonymous_3)","decl":{"start":{"line":21,"column":2},"end":{"line":21,"column":3}},"loc":{"start":{"line":21,"column":58},"end":{"line":26,"column":3}},"line":21},"4":{"name":"(anonymous_4)","decl":{"start":{"line":29,"column":2},"end":{"line":29,"column":3}},"loc":{"start":{"line":29,"column":58},"end":{"line":34,"column":3}},"line":29},"5":{"name":"(anonymous_5)","decl":{"start":{"line":37,"column":2},"end":{"line":37,"column":3}},"loc":{"start":{"line":37,"column":58},"end":{"line":42,"column":3}},"line":37},"6":{"name":"(anonymous_6)","decl":{"start":{"line":46,"column":2},"end":{"line":46,"column":3}},"loc":{"start":{"line":46,"column":20},"end":{"line":49,"column":3}},"line":46},"7":{"name":"(anonymous_7)","decl":{"start":{"line":51,"column":2},"end":{"line":51,"column":3}},"loc":{"start":{"line":51,"column":58},"end":{"line":69,"column":3}},"line":51},"8":{"name":"(anonymous_8)","decl":{"start":{"line":73,"column":2},"end":{"line":73,"column":3}},"loc":{"start":{"line":73,"column":68},"end":{"line":78,"column":3}},"line":73},"9":{"name":"(anonymous_9)","decl":{"start":{"line":80,"column":2},"end":{"line":80,"column":3}},"loc":{"start":{"line":80,"column":21},"end":{"line":115,"column":3}},"line":80}},"branchMap":{"0":{"loc":{"start":{"line":53,"column":4},"end":{"line":66,"column":5}},"type":"switch","locations":[{"start":{"line":54,"column":6},"end":{"line":56,"column":14}},{"start":{"line":57,"column":6},"end":{"line":59,"column":14}},{"start":{"line":60,"column":6},"end":{"line":62,"column":14}},{"start":{"line":63,"column":6},"end":{"line":65,"column":14}}],"line":53},"1":{"loc":{"start":{"line":83,"column":4},"end":{"line":93,"column":5}},"type":"if","locations":[{"start":{"line":83,"column":4},"end":{"line":93,"column":5}},{"start":{"line":83,"column":4},"end":{"line":93,"column":5}}],"line":83},"2":{"loc":{"start":{"line":96,"column":4},"end":{"line":104,"column":5}},"type":"if","locations":[{"start":{"line":96,"column":4},"end":{"line":104,"column":5}},{"start":{"line":96,"column":4},"end":{"line":104,"column":5}}],"line":96},"3":{"loc":{"start":{"line":99,"column":11},"end":{"line":104,"column":5}},"type":"if","locations":[{"start":{"line":99,"column":11},"end":{"line":104,"column":5}},{"start":{"line":99,"column":11},"end":{"line":104,"column":5}}],"line":99},"4":{"loc":{"start":{"line":108,"column":4},"end":{"line":112,"column":5}},"type":"if","locations":[{"start":{"line":108,"column":4},"end":{"line":112,"column":5}},{"start":{"line":108,"column":4},"end":{"line":112,"column":5}}],"line":108}},"s":{"0":30,"1":30,"2":30,"3":30,"4":30,"5":30,"6":1,"7":1,"8":3,"9":3,"10":3,"11":3,"12":7,"13":7,"14":7,"15":7,"16":8,"17":8,"18":8,"19":8,"20":10,"21":10,"22":17,"23":2,"24":2,"25":6,"26":6,"27":5,"28":5,"29":4,"30":4,"31":17,"32":17,"33":4,"34":4,"35":4,"36":4,"37":4,"38":3,"39":3,"40":3,"41":3,"42":1,"43":1,"44":1,"45":1,"46":4,"47":4,"48":1,"49":1,"50":3,"51":1,"52":1,"53":2,"54":4,"55":4,"56":3,"57":1,"58":4,"59":1},"f":{"0":30,"1":1,"2":1,"3":3,"4":7,"5":8,"6":10,"7":17,"8":4,"9":4},"b":{"0":[2,6,5,4],"1":[3,1],"2":[1,3],"3":[1,2],"4":[3,1]},"_coverageSchema":"1a1c01bbd47fc00a2c39e90264f33305004495a9","hash":"943eef392b891571e76420482699dc8ae198e909"}
}
