TN:
SF:index.js
FN:2,(anonymous_0)
FN:11,(anonymous_1)
FN:15,(anonymous_2)
FN:21,(anonymous_3)
FN:29,(anonymous_4)
FN:37,(anonymous_5)
FN:46,(anonymous_6)
FN:51,(anonymous_7)
FN:73,(anonymous_8)
FN:80,(anonymous_9)
FNF:10
FNH:10
FNDA:30,(anonymous_0)
FNDA:1,(anonymous_1)
FNDA:1,(anonymous_2)
FNDA:3,(anonymous_3)
FNDA:7,(anonymous_4)
FNDA:8,(anonymous_5)
FNDA:10,(anonymous_6)
FNDA:17,(anonymous_7)
FNDA:4,(anonymous_8)
FNDA:4,(anonymous_9)
DA:3,30
DA:4,30
DA:5,30
DA:6,30
DA:7,30
DA:8,30
DA:12,1
DA:16,1
DA:22,3
DA:23,3
DA:24,3
DA:25,3
DA:30,7
DA:31,7
DA:32,7
DA:33,7
DA:38,8
DA:39,8
DA:40,8
DA:41,8
DA:47,10
DA:48,10
DA:53,17
DA:55,2
DA:56,2
DA:58,6
DA:59,6
DA:61,5
DA:62,5
DA:64,4
DA:65,4
DA:67,17
DA:68,17
DA:74,4
DA:75,4
DA:76,4
DA:77,4
DA:83,4
DA:84,3
DA:85,3
DA:86,3
DA:87,3
DA:89,1
DA:90,1
DA:91,1
DA:92,1
DA:94,4
DA:96,4
DA:97,1
DA:98,1
DA:99,3
DA:100,1
DA:101,1
DA:103,2
DA:106,4
DA:108,4
DA:109,3
DA:111,1
DA:114,4
DA:118,1
LF:60
LH:60
BRDA:53,0,0,2
BRDA:53,0,1,6
BRDA:53,0,2,5
BRDA:53,0,3,4
BRDA:83,1,0,3
BRDA:83,1,1,1
BRDA:96,2,0,1
BRDA:96,2,1,3
BRDA:99,3,0,1
BRDA:99,3,1,2
BRDA:108,4,0,3
BRDA:108,4,1,1
BRF:12
BRH:12
end_of_record
